Using pre-set license
Built from '2021.3/staging' branch; Version is '2021.3.8f1 (b30333d56e81) revision 11731763'; Using compiler version '192829333'; Build Type 'Release'
OS: 'Windows 10  (10.0.19044) 64bit Core' Language: 'es' Physical Memory: 16295 MB
BatchMode: 1, IsHumanControllingUs: 0, StartBugReporterOnCrash: 0, Is64bit: 1, IsPro: 1

COMMAND LINE ARGUMENTS:
D:\Programas\2021.3.8f1\Editor\Unity.exe
-adb2
-batchMode
-noUpm
-name
AssetImportWorker0
-projectPath
D:/Unity/ProyectoVideojuegos
-logFile
Logs/AssetImportWorker0.log
-srvPort
61559
Successfully changed project path to: D:/Unity/ProyectoVideojuegos
D:/Unity/ProyectoVideojuegos
[UnityMemory] Configuration Parameters - Can be set up in boot.config
    "memorysetup-bucket-allocator-granularity=16"
    "memorysetup-bucket-allocator-bucket-count=8"
    "memorysetup-bucket-allocator-block-size=33554432"
    "memorysetup-bucket-allocator-block-count=8"
    "memorysetup-main-allocator-block-size=16777216"
    "memorysetup-thread-allocator-block-size=16777216"
    "memorysetup-gfx-main-allocator-block-size=16777216"
    "memorysetup-gfx-thread-allocator-block-size=16777216"
    "memorysetup-cache-allocator-block-size=4194304"
    "memorysetup-typetree-allocator-block-size=2097152"
    "memorysetup-profiler-bucket-allocator-granularity=16"
    "memorysetup-profiler-bucket-allocator-bucket-count=8"
    "memorysetup-profiler-bucket-allocator-block-size=33554432"
    "memorysetup-profiler-bucket-allocator-block-count=8"
    "memorysetup-profiler-allocator-block-size=16777216"
    "memorysetup-profiler-editor-allocator-block-size=1048576"
    "memorysetup-temp-allocator-size-main=16777216"
    "memorysetup-job-temp-allocator-block-size=2097152"
    "memorysetup-job-temp-allocator-block-size-background=1048576"
    "memorysetup-job-temp-allocator-reduction-small-platforms=262144"
    "memorysetup-temp-allocator-size-background-worker=32768"
    "memorysetup-temp-allocator-size-job-worker=262144"
    "memorysetup-temp-allocator-size-preload-manager=33554432"
    "memorysetup-temp-allocator-size-nav-mesh-worker=65536"
    "memorysetup-temp-allocator-size-audio-worker=65536"
    "memorysetup-temp-allocator-size-cloud-worker=32768"
    "memorysetup-temp-allocator-size-gi-baking-worker=262144"
    "memorysetup-temp-allocator-size-gfx=262144"
Refreshing native plugins compatible for Editor in 90.81 ms, found 3 plugins.
Preloading 0 native plugins for Editor in 0.00 ms.
Initialize engine version: 2021.3.8f1 (b30333d56e81)
[Subsystems] Discovering subsystems at path D:/Programas/2021.3.8f1/Editor/Data/Resources/UnitySubsystems
[Subsystems] Discovering subsystems at path D:/Unity/ProyectoVideojuegos/Assets
GfxDevice: creating device client; threaded=0; jobified=0
Direct3D:
    Version:  Direct3D 11.0 [level 11.1]
    Renderer: NVIDIA GeForce GTX 1660 SUPER (ID=0x21c4)
    Vendor:   NVIDIA
    VRAM:     5991 MB
    Driver:   31.0.15.1659
Initialize mono
Mono path[0] = 'D:/Programas/2021.3.8f1/Editor/Data/Managed'
Mono path[1] = 'D:/Programas/2021.3.8f1/Editor/Data/MonoBleedingEdge/lib/mono/unityjit-win32'
Mono config path = 'D:/Programas/2021.3.8f1/Editor/Data/MonoBleedingEdge/etc'
Using monoOptions --debugger-agent=transport=dt_socket,embedding=1,server=y,suspend=n,address=127.0.0.1:56204
Begin MonoManager ReloadAssembly
Registering precompiled unity dll's ...
Register platform support module: D:/Programas/2021.3.8f1/Editor/Data/PlaybackEngines/WebGLSupport/UnityEditor.WebGL.Extensions.dll
Register platform support module: D:/Programas/2021.3.8f1/Editor/Data/PlaybackEngines/WindowsStandaloneSupport/UnityEditor.WindowsStandalone.Extensions.dll
Registered in 0.002670 seconds.
Native extension for WindowsStandalone target not found
Native extension for WebGL target not found
Refreshing native plugins compatible for Editor in 84.15 ms, found 3 plugins.
Preloading 0 native plugins for Editor in 0.00 ms.
Mono: successfully reloaded assembly
- Completed reload, in  0.548 seconds
Domain Reload Profiling:
	ReloadAssembly (548ms)
		BeginReloadAssembly (77ms)
			ExecutionOrderSort (0ms)
			DisableScriptedObjects (0ms)
			BackupInstance (0ms)
			ReleaseScriptingObjects (0ms)
			CreateAndSetChildDomain (1ms)
		EndReloadAssembly (384ms)
			LoadAssemblies (76ms)
			RebuildTransferFunctionScriptingTraits (0ms)
			SetupTypeCache (89ms)
			ReleaseScriptCaches (0ms)
			RebuildScriptCaches (24ms)
			SetupLoadedEditorAssemblies (233ms)
				LogAssemblyErrors (0ms)
				InitializePlatformSupportModulesInManaged (6ms)
				SetLoadedEditorAssemblies (0ms)
				RefreshPlugins (84ms)
				BeforeProcessingInitializeOnLoad (1ms)
				ProcessInitializeOnLoadAttributes (102ms)
				ProcessInitializeOnLoadMethodAttributes (40ms)
				AfterProcessingInitializeOnLoad (0ms)
				EditorAssembliesLoaded (0ms)
			ExecutionOrderSort2 (0ms)
			AwakeInstancesAfterBackupRestoration (0ms)
Platform modules already initialized, skipping
Registering precompiled user dll's ...
Registered in 0.004810 seconds.
Begin MonoManager ReloadAssembly
Native extension for WindowsStandalone target not found
Native extension for WebGL target not found
Refreshing native plugins compatible for Editor in 0.56 ms, found 3 plugins.
Preloading 0 native plugins for Editor in 0.00 ms.
Mono: successfully reloaded assembly
- Completed reload, in  0.909 seconds
Domain Reload Profiling:
	ReloadAssembly (910ms)
		BeginReloadAssembly (110ms)
			ExecutionOrderSort (0ms)
			DisableScriptedObjects (5ms)
			BackupInstance (0ms)
			ReleaseScriptingObjects (0ms)
			CreateAndSetChildDomain (18ms)
		EndReloadAssembly (700ms)
			LoadAssemblies (89ms)
			RebuildTransferFunctionScriptingTraits (0ms)
			SetupTypeCache (241ms)
			ReleaseScriptCaches (1ms)
			RebuildScriptCaches (43ms)
			SetupLoadedEditorAssemblies (312ms)
				LogAssemblyErrors (0ms)
				InitializePlatformSupportModulesInManaged (5ms)
				SetLoadedEditorAssemblies (0ms)
				RefreshPlugins (1ms)
				BeforeProcessingInitializeOnLoad (81ms)
				ProcessInitializeOnLoadAttributes (197ms)
				ProcessInitializeOnLoadMethodAttributes (25ms)
				AfterProcessingInitializeOnLoad (3ms)
				EditorAssembliesLoaded (0ms)
			ExecutionOrderSort2 (0ms)
			AwakeInstancesAfterBackupRestoration (5ms)
Platform modules already initialized, skipping
========================================================================
Worker process is ready to serve import requests
Launched and connected shader compiler UnityShaderCompiler.exe after 0.04 seconds
Refreshing native plugins compatible for Editor in 1.10 ms, found 3 plugins.
Preloading 0 native plugins for Editor in 0.00 ms.
Unloading 3377 Unused Serialized files (Serialized files now loaded: 0)
Unloading 27 unused Assets / (111.5 KB). Loaded Objects now: 3848.
Memory consumption went from 127.9 MB to 127.8 MB.
Total: 3.113300 ms (FindLiveObjects: 0.302600 ms CreateObjectMapping: 0.103300 ms MarkObjects: 2.597000 ms  DeleteObjects: 0.109600 ms)

AssetImportParameters requested are different than current active one (requested -> active):
  custom:video-decoder-ogg-theora: a1e56fd34408186e4bbccfd4996cb3dc -> 
  custom:container-muxer-webm: aa71ff27fc2769a1b78a27578f13a17b -> 
  custom:container-demuxer-webm: 4f35f7cbe854078d1ac9338744f61a02 -> 
  custom:video-encoder-webm-vp8: eb34c28f22e8b96e1ab97ce403110664 -> 
  custom:audio-encoder-webm-vorbis: bf7c407c2cedff20999df2af8eb42d56 -> 
  custom:framework-win-MediaFoundation: 216162199b28c13a410421893ffa2e32 -> 
  custom:container-demuxer-ogg: 62fdf1f143b41e24485cea50d1cbac27 -> 
  custom:video-decoder-webm-vp8: 9c59270c3fd7afecdb556c50c9e8de78 -> 
  custom:audio-decoder-ogg-vorbis: bf7c407c2cedff20999df2af8eb42d56 -> 
========================================================================
Received Import Request.
  Time since last request: 4798.371650 seconds.
  path: Assets/New Terrain.asset
  artifactKey: Guid(5acc5c24ea33d494295bd4a72fbdddd3) Importer(815301076,1909f56bfc062723c751e8b465ee728b)
Start importing Assets/New Terrain.asset using Guid(5acc5c24ea33d494295bd4a72fbdddd3) Importer(815301076,1909f56bfc062723c751e8b465ee728b)  -> (artifact id: 'cc8d4484175538e65146670ba9df160e') in 0.058238 seconds 
========================================================================
Received Import Request.
  Time since last request: 289.505643 seconds.
  path: Assets/Texturas Hd
  artifactKey: Guid(46accb06f6e747a439765ef79e8e6799) Importer(815301076,1909f56bfc062723c751e8b465ee728b)
Start importing Assets/Texturas Hd using Guid(46accb06f6e747a439765ef79e8e6799) Importer(815301076,1909f56bfc062723c751e8b465ee728b)  -> (artifact id: '2ddaa3ccc4b1a6183e381a51fe1dca25') in 0.004786 seconds 
========================================================================
Received Import Request.
  Time since last request: 0.228697 seconds.
  path: Assets/Texturas Hd/1.volcanic-textures.jpg
  artifactKey: Guid(111e87a2253ffe0489ec2aca4e3fef73) Importer(815301076,1909f56bfc062723c751e8b465ee728b)
Start importing Assets/Texturas Hd/1.volcanic-textures.jpg using Guid(111e87a2253ffe0489ec2aca4e3fef73) Importer(815301076,1909f56bfc062723c751e8b465ee728b)  -> (artifact id: 'cfbdd0e7e611f88443daa15fdaee9632') in 0.133708 seconds 
========================================================================
Received Import Request.
  Time since last request: 0.000029 seconds.
  path: Assets/Texturas Hd/Demo-normal.jpg
  artifactKey: Guid(20f924a734bc6e04e9e19cfd84368ac5) Importer(815301076,1909f56bfc062723c751e8b465ee728b)
Start importing Assets/Texturas Hd/Demo-normal.jpg using Guid(20f924a734bc6e04e9e19cfd84368ac5) Importer(815301076,1909f56bfc062723c751e8b465ee728b)  -> (artifact id: '94f928c297cc83929e55495cd8609106') in 0.013237 seconds 
========================================================================
Received Import Request.
  Time since last request: 0.000033 seconds.
  path: Assets/Texturas Hd/images (1).jpg
  artifactKey: Guid(245adc8f5ed76bf4ca4c98877c9f5f53) Importer(815301076,1909f56bfc062723c751e8b465ee728b)
Start importing Assets/Texturas Hd/images (1).jpg using Guid(245adc8f5ed76bf4ca4c98877c9f5f53) Importer(815301076,1909f56bfc062723c751e8b465ee728b)  -> (artifact id: 'c467fb685896021a30b59b029217484a') in 0.011805 seconds 
========================================================================
Received Import Request.
  Time since last request: 0.000030 seconds.
  path: Assets/Texturas Hd/marble-tile-floor-texture.jpg
  artifactKey: Guid(cad92e80ddb299d40a6ba7d1aa43c05c) Importer(815301076,1909f56bfc062723c751e8b465ee728b)
Start importing Assets/Texturas Hd/marble-tile-floor-texture.jpg using Guid(cad92e80ddb299d40a6ba7d1aa43c05c) Importer(815301076,1909f56bfc062723c751e8b465ee728b)  -> (artifact id: 'f97ad771b399426d3e93925c4cdb6fd1') in 0.014502 seconds 
========================================================================
Received Import Request.
  Time since last request: 0.000021 seconds.
  path: Assets/Texturas Hd/old-chicago-buff-thin-brick-2.jpg
  artifactKey: Guid(cbd2e1a1cb44dc849b29e3db72dd8729) Importer(815301076,1909f56bfc062723c751e8b465ee728b)
Start importing Assets/Texturas Hd/old-chicago-buff-thin-brick-2.jpg using Guid(cbd2e1a1cb44dc849b29e3db72dd8729) Importer(815301076,1909f56bfc062723c751e8b465ee728b)  -> (artifact id: '0741e46950af50d3bcd236f246e70a7a') in 0.012387 seconds 
========================================================================
Received Import Request.
  Time since last request: 0.000016 seconds.
  path: Assets/Texturas Hd/0216-wood-texture2.jpg
  artifactKey: Guid(bc1fe0420a8585e4c96f0b6112de7cbe) Importer(815301076,1909f56bfc062723c751e8b465ee728b)
Start importing Assets/Texturas Hd/0216-wood-texture2.jpg using Guid(bc1fe0420a8585e4c96f0b6112de7cbe) Importer(815301076,1909f56bfc062723c751e8b465ee728b)  -> (artifact id: 'a3ab90ed0104bc8df0c0ecd56bcc324e') in 0.010663 seconds 
========================================================================
Received Import Request.
  Time since last request: 0.000021 seconds.
  path: Assets/Texturas Hd/brick_modern_0111_01_preview.jpg
  artifactKey: Guid(fac858750e90502458b03f360944b8cc) Importer(815301076,1909f56bfc062723c751e8b465ee728b)
Start importing Assets/Texturas Hd/brick_modern_0111_01_preview.jpg using Guid(fac858750e90502458b03f360944b8cc) Importer(815301076,1909f56bfc062723c751e8b465ee728b)  -> (artifact id: 'cbf12f54bc3cb6d227f319a031da2c1a') in 0.010917 seconds 
========================================================================
Received Import Request.
  Time since last request: 0.000025 seconds.
  path: Assets/Texturas Hd/GRASS2.JPG
  artifactKey: Guid(5561ba997c9447c4a9092ce80a640f23) Importer(815301076,1909f56bfc062723c751e8b465ee728b)
Start importing Assets/Texturas Hd/GRASS2.JPG using Guid(5561ba997c9447c4a9092ce80a640f23) Importer(815301076,1909f56bfc062723c751e8b465ee728b)  -> (artifact id: '197b95d8e06b293cfbdc9e3d604d4e49') in 0.012576 seconds 
========================================================================
Received Import Request.
  Time since last request: 0.000019 seconds.
  path: Assets/Texturas Hd/crate.jpg
  artifactKey: Guid(107f3722ed15be94bab5dc875bb6642d) Importer(815301076,1909f56bfc062723c751e8b465ee728b)
Start importing Assets/Texturas Hd/crate.jpg using Guid(107f3722ed15be94bab5dc875bb6642d) Importer(815301076,1909f56bfc062723c751e8b465ee728b)  -> (artifact id: '9138e3230ccd613190b9be8ed06b8239') in 0.012474 seconds 
========================================================================
Received Import Request.
  Time since last request: 0.000025 seconds.
  path: Assets/Texturas Hd/descarga (3).jpg
  artifactKey: Guid(7dc28142b33ff7a4382516090b938cce) Importer(815301076,1909f56bfc062723c751e8b465ee728b)
Start importing Assets/Texturas Hd/descarga (3).jpg using Guid(7dc28142b33ff7a4382516090b938cce) Importer(815301076,1909f56bfc062723c751e8b465ee728b)  -> (artifact id: '95a8ed0248713a2587269f7c88ad62b4') in 0.012015 seconds 
========================================================================
Received Import Request.
  Time since last request: 0.000022 seconds.
  path: Assets/Texturas Hd/Pasto_1000.jpg
  artifactKey: Guid(9594e8b96ee2b984891f690103f42989) Importer(815301076,1909f56bfc062723c751e8b465ee728b)
Start importing Assets/Texturas Hd/Pasto_1000.jpg using Guid(9594e8b96ee2b984891f690103f42989) Importer(815301076,1909f56bfc062723c751e8b465ee728b)  -> (artifact id: '79e1279db76650bf41317290c680f709') in 0.011344 seconds 
========================================================================
Received Import Request.
  Time since last request: 0.000031 seconds.
  path: Assets/Texturas Hd/descarga (2).jpg
  artifactKey: Guid(ef17ad886a75fc64aa154f5496975e7e) Importer(815301076,1909f56bfc062723c751e8b465ee728b)
Start importing Assets/Texturas Hd/descarga (2).jpg using Guid(ef17ad886a75fc64aa154f5496975e7e) Importer(815301076,1909f56bfc062723c751e8b465ee728b)  -> (artifact id: 'e865bf660dda541922f0d4be04c701fb') in 0.013415 seconds 
========================================================================
Received Import Request.
  Time since last request: 0.000037 seconds.
  path: Assets/Texturas Hd/images.jpg
  artifactKey: Guid(4e36865c7731cd64c8d0445d783a30df) Importer(815301076,1909f56bfc062723c751e8b465ee728b)
Start importing Assets/Texturas Hd/images.jpg using Guid(4e36865c7731cd64c8d0445d783a30df) Importer(815301076,1909f56bfc062723c751e8b465ee728b)  -> (artifact id: '214adc1b7a5dda4edca031156d029100') in 0.012447 seconds 
========================================================================
Received Import Request.
  Time since last request: 0.000022 seconds.
  path: Assets/Texturas Hd/descarga (1).jpg
  artifactKey: Guid(7ab4ba11aa0b472489844873f65361e8) Importer(815301076,1909f56bfc062723c751e8b465ee728b)
Start importing Assets/Texturas Hd/descarga (1).jpg using Guid(7ab4ba11aa0b472489844873f65361e8) Importer(815301076,1909f56bfc062723c751e8b465ee728b)  -> (artifact id: '25c4f56a9b2652107908c93c55ca7e02') in 0.014220 seconds 
========================================================================
Received Import Request.
  Time since last request: 0.000024 seconds.
  path: Assets/Texturas Hd/b15walls042.jpg
  artifactKey: Guid(275426a6aac965746b07ad56f0d555e0) Importer(815301076,1909f56bfc062723c751e8b465ee728b)
Start importing Assets/Texturas Hd/b15walls042.jpg using Guid(275426a6aac965746b07ad56f0d555e0) Importer(815301076,1909f56bfc062723c751e8b465ee728b)  -> (artifact id: '17621314ca3316ba30a7b1fbfc4720ef') in 0.017267 seconds 
========================================================================
Received Import Request.
  Time since last request: 0.000085 seconds.
  path: Assets/Texturas Hd/acabado-final.jpg
  artifactKey: Guid(340313087ee11024f9d80947b57ade72) Importer(815301076,1909f56bfc062723c751e8b465ee728b)
Start importing Assets/Texturas Hd/acabado-final.jpg using Guid(340313087ee11024f9d80947b57ade72) Importer(815301076,1909f56bfc062723c751e8b465ee728b)  -> (artifact id: '09e4d28bd034c23679337946a13014ac') in 0.012305 seconds 
========================================================================
Received Import Request.
  Time since last request: 0.000025 seconds.
  path: Assets/Texturas Hd/master_crate_fragile.jpg
  artifactKey: Guid(2295bc8e564dc1e4388670f5af9a1068) Importer(815301076,1909f56bfc062723c751e8b465ee728b)
Start importing Assets/Texturas Hd/master_crate_fragile.jpg using Guid(2295bc8e564dc1e4388670f5af9a1068) Importer(815301076,1909f56bfc062723c751e8b465ee728b)  -> (artifact id: '49cdc4e1e3f39b4b2b361ea1390a14f3') in 0.012815 seconds 
========================================================================
Received Import Request.
  Time since last request: 0.000023 seconds.
  path: Assets/Texturas Hd/BrickMessy0175_5_S.jpg
  artifactKey: Guid(7da016c60b40ca6468b2ad52b2862a9e) Importer(815301076,1909f56bfc062723c751e8b465ee728b)
Start importing Assets/Texturas Hd/BrickMessy0175_5_S.jpg using Guid(7da016c60b40ca6468b2ad52b2862a9e) Importer(815301076,1909f56bfc062723c751e8b465ee728b)  -> (artifact id: '22c0c40168efc40b7b36135bda26ffe8') in 0.012349 seconds 
========================================================================
Received Import Request.
  Time since last request: 0.000021 seconds.
  path: Assets/Texturas Hd/descarga (5).jpg
  artifactKey: Guid(9dba1dd58c2e4b64db40acde3c8ca1c1) Importer(815301076,1909f56bfc062723c751e8b465ee728b)
Start importing Assets/Texturas Hd/descarga (5).jpg using Guid(9dba1dd58c2e4b64db40acde3c8ca1c1) Importer(815301076,1909f56bfc062723c751e8b465ee728b)  -> (artifact id: '14b2cf0f0a8811e3e31153ce681094c1') in 0.012201 seconds 
Editor requested this worker to shutdown with reason: Scaling down because of idle timeout
AssetImportWorker is now disconnected from the server
Process exiting
Exiting without the bug reporter. Application will terminate with return code 0